Arguments: 
  C:\Program Files\nodejs\node.exe C:\Users\Gee\AppData\Roaming\npm\node_modules\yarn\bin\yarn.js add @react-navigation/native

PATH: 
  C:\Program Files (x86)\Common Files\Intel\Shared Libraries\redist\intel64\compiler;C:\Program Files\Eclipse Foundation\jdk-11.0.12.7-hotspot\bin;C:\Windows\system32;C:\Windows;C:\Windows\System32\Wbem;C:\Windows\System32\WindowsPowerShell\v1.0\;C:\Windows\System32\OpenSSH\;C:\Program Files\nodejs\;C:\ProgramData\chocolatey\bin;C:\Program Files\Git\cmd;C:\Program Files\Git\bin\;C:\Program Files\Git\cmd\;C:\Users\Android\platform-tools\;C:\Users\Gee\AppData\Local\Microsoft\WindowsApps;;C:\Users\Gee\AppData\Local\Programs\Microsoft VS Code\bin;C:\Users\Gee\AppData\Roaming\npm

Yarn version: 
  1.22.17

Node version: 
  16.10.0

Platform: 
  win32 x64

Trace: 
  Error: connect EHOSTUNREACH 104.16.16.35:443
      at TCPConnectWrap.afterConnect [as oncomplete] (node:net:1146:16)

npm manifest: 
  {
    "main": "node_modules/expo/AppEntry.js",
    "scripts": {
      "start": "expo start",
      "android": "expo start --android",
      "ios": "expo start --ios",
      "web": "expo start --web",
      "eject": "expo eject"
    },
    "rnpm": {
      "assets": [
        "./assets/fonts"
      ]
    },
    "dependencies": {
      "@expo/vector-icons": "^12.0.5",
      "@react-native-masked-view/masked-view": "0.2.5",
      "@react-navigation/bottom-tabs": "^6.0.9",
      "@react-navigation/native": "^6.0.6",
      "@react-navigation/native-stack": "^6.2.5",
      "@react-navigation/stack": "^6.0.11",
      "expo": "~43.0.0",
      "expo-status-bar": "~1.1.0",
      "link": "^0.1.5",
      "react": ">= 16.x.x",
      "react-dom": "17.0.1",
      "react-native": ">= 0.55.x",
      "react-native-animatable": "^1.3.3",
      "react-native-bottom-menu": "^0.1.8",
      "react-native-gesture-handler": "~1.10.2",
      "react-native-gradient-header": "^0.2.1",
      "react-native-image-header-scroll-view": "^1.0.0",
      "react-native-image-picker": "^4.1.2",
      "react-native-safe-area-context": "^3.3.2",
      "react-native-safe-area-view": "^1.1.1",
      "react-native-screens": "~3.8.0",
      "react-native-sticky-parallax-header": "^0.4.1",
      "react-native-web": "0.17.1",
      "react-navigation": "^2.17.0"
    },
    "devDependencies": {
      "@babel/core": "^7.12.9",
      "metro-react-native-babel-preset": "^0.66.2"
    },
    "peerDependencies": {
      "react": ">= 16.x.x",
      "react-native": ">= 0.55.x",
      "react-native-androw": ">= 0.0.31",
      "react-native-dynamic-vector-icons": ">= x.x.x",
      "react-native-vector-icons": ">= 6.x.x"
    },
    "private": true
  }

yarn manifest: 
  No manifest

Lockfile: 
  No lockfile
